INFO 2017-05-25 17:28:58 WindowLauncher:26 - application start
INFO 2017-05-25 17:28:58 Window:157 - initializing file menu
INFO 2017-05-25 17:28:58 Window:185 - initializing options menu
INFO 2017-05-25 17:28:58 Window:208 - initializing help menu
INFO 2017-05-25 17:28:58 Window:129 - constructing menu
INFO 2017-05-25 17:28:58 Window:296 - initializing status bar
INFO 2017-05-25 17:28:58 Window:357 - Initializing toolbar
INFO 2017-05-25 17:28:58 Window:372 - Custom close operation setted
INFO 2017-05-25 17:28:58 Window:112 - Task pane initialized
INFO 2017-05-25 17:28:58 DoubleTableModel:52 - Table model created
INFO 2017-05-25 17:28:58 DoubleTableModel:143 - Getting column count
INFO 2017-05-25 17:28:58 DoubleTableModel:143 - Getting column count
INFO 2017-05-25 17:28:58 DoubleTableModel:143 - Getting column count
INFO 2017-05-25 17:28:58 DoubleTableModel:143 - Getting column count
INFO 2017-05-25 17:28:58 DoubleTableModel:143 - Getting column count
INFO 2017-05-25 17:28:58 DoubleTableModel:143 - Getting column count
INFO 2017-05-25 17:28:58 DoubleTableModel:143 - Getting column count
INFO 2017-05-25 17:28:58 DoubleTableModel:143 - Getting column count
INFO 2017-05-25 17:28:58 DoubleTableModel:143 - Getting column count
INFO 2017-05-25 17:28:58 DoubleTableModel:143 - Getting column count
INFO 2017-05-25 17:28:58 DoubleTableModel:143 - Getting column count
INFO 2017-05-25 17:28:58 DoubleTableModel:143 - Getting column count
INFO 2017-05-25 17:28:58 FrontPanel:169 - table initialized
INFO 2017-05-25 17:28:58 FrontPanel:112 - Spinners initialized
INFO 2017-05-25 17:28:58 FrontPanel:125 - Combobox initialized
INFO 2017-05-25 17:28:58 FrontPanel:199 - Clear button initialized
INFO 2017-05-25 17:28:58 FrontPanel:244 - Add button initialized
INFO 2017-05-25 17:28:58 FrontPanel:260 - Save button initialized
INFO 2017-05-25 17:28:58 FrontPanel:101 - Calendar initialized
INFO 2017-05-25 17:28:58 FrontPanel:180 - table model returned
INFO 2017-05-25 17:28:58 DoubleTableModel:95 - Reseting table
INFO 2017-05-25 17:28:58 DoubleTableModel:113 - Method: fill with
INFO 2017-05-25 17:28:58 FrontPanel:366 - Front panel setted
INFO 2017-05-25 17:28:58 FrontPanel:298 - status label setted
INFO 2017-05-25 17:28:59 DoubleTableModel:153 - Getting row count
INFO 2017-05-25 17:28:59 DoubleTableModel:153 - Getting row count
INFO 2017-05-25 17:28:59 DoubleTableModel:153 - Getting row count
INFO 2017-05-25 17:28:59 DoubleTableModel:153 - Getting row count
INFO 2017-05-25 17:28:59 DoubleTableModel:153 - Getting row count
INFO 2017-05-25 17:28:59 DoubleTableModel:153 - Getting row count
INFO 2017-05-25 17:28:59 DoubleTableModel:153 - Getting row count
INFO 2017-05-25 17:28:59 DoubleTableModel:153 - Getting row count
INFO 2017-05-25 17:28:59 DoubleTableModel:153 - Getting row count
INFO 2017-05-25 17:28:59 DoubleTableModel:153 - Getting row count
INFO 2017-05-25 17:28:59 DoubleTableModel:153 - Getting row count
INFO 2017-05-25 17:28:59 DoubleTableModel:153 - Getting row count
INFO 2017-05-25 17:28:59 DoubleTableModel:153 - Getting row count
INFO 2017-05-25 17:28:59 DoubleTableModel:153 - Getting row count
INFO 2017-05-25 17:28:59 DoubleTableModel:153 - Getting row count
INFO 2017-05-25 17:28:59 DoubleTableModel:153 - Getting row count
INFO 2017-05-25 17:28:59 DoubleTableModel:153 - Getting row count
INFO 2017-05-25 17:28:59 DoubleTableModel:153 - Getting row count
INFO 2017-05-25 17:28:59 DoubleTableModel:153 - Getting row count
INFO 2017-05-25 17:28:59 DoubleTableModel:153 - Getting row count
INFO 2017-05-25 17:28:59 DoubleTableModel:153 - Getting row count
INFO 2017-05-25 17:28:59 DoubleTableModel:153 - Getting row count
INFO 2017-05-25 17:28:59 DoubleTableModel:153 - Getting row count
INFO 2017-05-25 17:28:59 DoubleTableModel:153 - Getting row count
INFO 2017-05-25 17:28:59 DoubleTableModel:153 - Getting row count
INFO 2017-05-25 17:28:59 DoubleTableModel:153 - Getting row count
INFO 2017-05-25 17:28:59 DoubleTableModel:153 - Getting row count
INFO 2017-05-25 17:28:59 DoubleTableModel:153 - Getting row count
INFO 2017-05-25 17:28:59 DoubleTableModel:153 - Getting row count
INFO 2017-05-25 17:28:59 DoubleTableModel:153 - Getting row count
INFO 2017-05-25 17:28:59 DoubleTableModel:153 - Getting row count
INFO 2017-05-25 17:28:59 DoubleTableModel:153 - Getting row count
INFO 2017-05-25 17:28:59 DoubleTableModel:166 - Returning value from row: 0 and column: 0
INFO 2017-05-25 17:28:59 DoubleTableModel:166 - Returning value from row: 0 and column: 1
INFO 2017-05-25 17:28:59 DoubleTableModel:166 - Returning value from row: 0 and column: 2
INFO 2017-05-25 17:28:59 DoubleTableModel:166 - Returning value from row: 0 and column: 3
INFO 2017-05-25 17:28:59 DoubleTableModel:166 - Returning value from row: 0 and column: 4
INFO 2017-05-25 17:28:59 DoubleTableModel:153 - Getting row count
INFO 2017-05-25 17:28:59 DoubleTableModel:166 - Returning value from row: 1 and column: 0
INFO 2017-05-25 17:28:59 DoubleTableModel:166 - Returning value from row: 1 and column: 1
INFO 2017-05-25 17:28:59 DoubleTableModel:166 - Returning value from row: 1 and column: 2
INFO 2017-05-25 17:28:59 DoubleTableModel:166 - Returning value from row: 1 and column: 3
INFO 2017-05-25 17:28:59 DoubleTableModel:166 - Returning value from row: 1 and column: 4
INFO 2017-05-25 17:28:59 DoubleTableModel:153 - Getting row count
INFO 2017-05-25 17:28:59 DoubleTableModel:166 - Returning value from row: 2 and column: 0
INFO 2017-05-25 17:28:59 DoubleTableModel:166 - Returning value from row: 2 and column: 1
INFO 2017-05-25 17:28:59 DoubleTableModel:166 - Returning value from row: 2 and column: 2
INFO 2017-05-25 17:28:59 DoubleTableModel:166 - Returning value from row: 2 and column: 3
INFO 2017-05-25 17:28:59 DoubleTableModel:166 - Returning value from row: 2 and column: 4
INFO 2017-05-25 17:28:59 DoubleTableModel:153 - Getting row count
INFO 2017-05-25 17:28:59 DoubleTableModel:166 - Returning value from row: 3 and column: 0
INFO 2017-05-25 17:28:59 DoubleTableModel:166 - Returning value from row: 3 and column: 1
INFO 2017-05-25 17:28:59 DoubleTableModel:166 - Returning value from row: 3 and column: 2
INFO 2017-05-25 17:28:59 DoubleTableModel:166 - Returning value from row: 3 and column: 3
INFO 2017-05-25 17:28:59 DoubleTableModel:166 - Returning value from row: 3 and column: 4
INFO 2017-05-25 17:28:59 DoubleTableModel:153 - Getting row count
INFO 2017-05-25 17:28:59 DoubleTableModel:166 - Returning value from row: 4 and column: 0
INFO 2017-05-25 17:28:59 DoubleTableModel:166 - Returning value from row: 4 and column: 1
INFO 2017-05-25 17:28:59 DoubleTableModel:166 - Returning value from row: 4 and column: 2
INFO 2017-05-25 17:28:59 DoubleTableModel:166 - Returning value from row: 4 and column: 3
INFO 2017-05-25 17:28:59 DoubleTableModel:166 - Returning value from row: 4 and column: 4
INFO 2017-05-25 17:28:59 DoubleTableModel:153 - Getting row count
INFO 2017-05-25 17:28:59 DoubleTableModel:153 - Getting row count
INFO 2017-05-25 17:28:59 DoubleTableModel:153 - Getting row count
INFO 2017-05-25 17:28:59 DoubleTableModel:153 - Getting row count
INFO 2017-05-25 17:28:59 DoubleTableModel:153 - Getting row count
INFO 2017-05-25 17:28:59 DoubleTableModel:153 - Getting row count
INFO 2017-05-25 17:28:59 DoubleTableModel:153 - Getting row count
INFO 2017-05-25 17:28:59 DoubleTableModel:153 - Getting row count
INFO 2017-05-25 17:28:59 DoubleTableModel:153 - Getting row count
INFO 2017-05-25 17:28:59 DoubleTableModel:153 - Getting row count
INFO 2017-05-25 17:29:16 Window:69 - constructing Tip
INFO 2017-05-25 17:29:16 Window:407 - Window constructed
INFO 2017-05-25 17:31:01 ClosingWindow:43 - Showing window
INFO 2017-05-25 17:31:02 ClosingWindow:57 - Closing with success
